<?xml version="1.0" encoding="UTF-8"?>
<!-- Generated by org.testng.reporters.JUnitXMLReporter -->
<testsuite ignored="0" hostname="DESKTOP-L4S2AS9" failures="2" tests="23" name="campaignCreation" time="237.859" errors="0" timestamp="24 Sep 2018 13:34:13 GMT">
  <testcase classname="mikaels.clappy.ClappyAdminTestClass" name="Test01_Fill_Login_Credentials" time="7.307"/>
  <testcase classname="mikaels.clappy.ClappyAdminTestClass" name="Test02_Click_Login_Button" time="6.455"/>
  <testcase classname="mikaels.clappy.ClappyAdminTestClass" name="Test03_Verify_Login" time="1.02"/>
  <testcase classname="mikaels.clappy.ClappyAdminTestClass" name="Test04_Redirect_To_Admin_Management" time="3.242"/>
  <testcase classname="mikaels.clappy.ClappyAdminTestClass" name="Test05_Verify_Redirection_To_Admin_Management" time="1.026"/>
  <testcase classname="mikaels.clappy.ClappyAdminTestClass" name="Test06_Verify_8_Admin_Management_Elements" time="0.717"/>
  <testcase classname="mikaels.clappy.ClappyAdminTestClass" name="Test07_Create_New_Admin" time="3.445"/>
  <testcase classname="mikaels.clappy.ClappyAdminTestClass" name="Test08_Verify_Redirection_To_Create_Admin_Form" time="1.008"/>
  <testcase classname="mikaels.clappy.ClappyAdminTestClass" name="Test09_Fill_Create_Admin_Form" time="1.509"/>
  <testcase classname="mikaels.clappy.ClappyAdminTestClass" name="Test10_Click_Create_Admin" time="6.005"/>
  <testcase classname="mikaels.clappy.ClappyAdminTestClass" name="Test11_Verify_Create_Admin_Success_Message" time="0.08"/>
  <testcase classname="mikaels.clappy.ClappyAdminTestClass" name="Test12_Redirect_To_Client_Management" time="2.7"/>
  <testcase classname="mikaels.clappy.ClappyAdminTestClass" name="Test13_Verify_Redirection_To_Client_Management" time="1.023"/>
  <testcase classname="mikaels.clappy.ClappyAdminTestClass" name="Test14_Verify_10_Client_Management_Elements" time="0.848"/>
  <testcase classname="mikaels.clappy.ClappyAdminTestClass" name="Test15_Create_New_Client" time="3.429"/>
  <testcase classname="mikaels.clappy.ClappyAdminTestClass" name="Test16_Verify_Redirection_To_Create_Client_Form" time="1.021"/>
  <testcase classname="mikaels.clappy.ClappyAdminTestClass" name="Test17_Fill_Create_Client_Form" time="60.204">
    <failure type="org.openqa.selenium.NoSuchElementException" message="no such element: Unable to locate element: {&amp;quot;method&amp;quot;:&amp;quot;css selector&amp;quot;,&amp;quot;selector&amp;quot;:&amp;quot;[id = &amp;apos;email&amp;apos;]&amp;quot;}
  (Session info: chrome=68.0.3440.106)
  (Driver info: chromedriver=2.35.528161 (5b82f2d2aae0ca24b877009200ced9065a772e73),platform=Windows NT 10.0.17134 x86_64) (WARNING: The server did not provide any stacktrace information)
Command duration or timeout: 0 milliseconds
For documentation on this error, please visit: http://seleniumhq.org/exceptions/no_such_element.html
Build info: version: &amp;apos;3.11.0&amp;apos;, revision: &amp;apos;e59cfb3&amp;apos;, time: &amp;apos;2018-03-11T20:26:55.152Z&amp;apos;
System info: host: &amp;apos;DESKTOP-L4S2AS9&amp;apos;, ip: &amp;apos;192.168.0.114&amp;apos;, os.name: &amp;apos;Windows 10&amp;apos;, os.arch: &amp;apos;amd64&amp;apos;, os.version: &amp;apos;10.0&amp;apos;, java.version: &amp;apos;10.0.2&amp;apos;
Driver info: org.openqa.selenium.chrome.ChromeDriver
Capabilities {acceptInsecureCerts: false, acceptSslCerts: false, applicationCacheEnabled: false, browserConnectionEnabled: false, browserName: chrome, chrome: {chromedriverVersion: 2.35.528161 (5b82f2d2aae0ca..., userDataDir: C:\Users\ABC\AppData\Local\...}, cssSelectorsEnabled: true, databaseEnabled: false, handlesAlerts: true, hasTouchScreen: false, javascriptEnabled: true, locationContextEnabled: true, mobileEmulationEnabled: false, nativeEvents: true, networkConnectionEnabled: false, pageLoadStrategy: normal, platform: XP, platformName: XP, rotatable: false, setWindowRect: true, takesHeapSnapshot: true, takesScreenshot: true, unexpectedAlertBehaviour: , unhandledPromptBehavior: , version: 68.0.3440.106, webStorageEnabled: true}
Session ID: 75cf5a26322e0dd1d061c10a39ff81bd
*** Element info: {Using=css selector, value=[id = &amp;apos;email&amp;apos;]}">
      <![CDATA[org.openqa.selenium.NoSuchElementException: no such element: Unable to locate element: {"method":"css selector","selector":"[id = 'email']"}
  (Session info: chrome=68.0.3440.106)
  (Driver info: chromedriver=2.35.528161 (5b82f2d2aae0ca24b877009200ced9065a772e73),platform=Windows NT 10.0.17134 x86_64) (WARNING: The server did not provide any stacktrace information)
Command duration or timeout: 0 milliseconds
For documentation on this error, please visit: http://seleniumhq.org/exceptions/no_such_element.html
Build info: version: '3.11.0', revision: 'e59cfb3', time: '2018-03-11T20:26:55.152Z'
System info: host: 'DESKTOP-L4S2AS9', ip: '192.168.0.114', os.name: 'Windows 10', os.arch: 'amd64', os.version: '10.0', java.version: '10.0.2'
Driver info: org.openqa.selenium.chrome.ChromeDriver
Capabilities {acceptInsecureCerts: false, acceptSslCerts: false, applicationCacheEnabled: false, browserConnectionEnabled: false, browserName: chrome, chrome: {chromedriverVersion: 2.35.528161 (5b82f2d2aae0ca..., userDataDir: C:\Users\ABC\AppData\Local\...}, cssSelectorsEnabled: true, databaseEnabled: false, handlesAlerts: true, hasTouchScreen: false, javascriptEnabled: true, locationContextEnabled: true, mobileEmulationEnabled: false, nativeEvents: true, networkConnectionEnabled: false, pageLoadStrategy: normal, platform: XP, platformName: XP, rotatable: false, setWindowRect: true, takesHeapSnapshot: true, takesScreenshot: true, unexpectedAlertBehaviour: , unhandledPromptBehavior: , version: 68.0.3440.106, webStorageEnabled: true}
Session ID: 75cf5a26322e0dd1d061c10a39ff81bd
*** Element info: {Using=css selector, value=[id = 'email']}
at org.openqa.selenium.remote.ErrorHandler.createThrowable(ErrorHandler.java:214)
at org.openqa.selenium.remote.ErrorHandler.throwIfResponseFailed(ErrorHandler.java:166)
at org.openqa.selenium.remote.http.JsonHttpResponseCodec.reconstructValue(JsonHttpResponseCodec.java:40)
at org.openqa.selenium.remote.http.AbstractHttpResponseCodec.decode(AbstractHttpResponseCodec.java:80)
at org.openqa.selenium.remote.http.AbstractHttpResponseCodec.decode(AbstractHttpResponseCodec.java:44)
at org.openqa.selenium.remote.HttpCommandExecutor.execute(HttpCommandExecutor.java:158)
at org.openqa.selenium.remote.service.DriverCommandExecutor.execute(DriverCommandExecutor.java:83)
at org.openqa.selenium.remote.RemoteWebDriver.execute(RemoteWebDriver.java:545)
at org.openqa.selenium.remote.RemoteWebDriver.findElement(RemoteWebDriver.java:319)
at org.openqa.selenium.remote.RemoteWebDriver.findElementByCssSelector(RemoteWebDriver.java:413)
at org.openqa.selenium.By$ByCssSelector.findElement(By.java:430)
at org.openqa.selenium.remote.RemoteWebDriver.findElement(RemoteWebDriver.java:311)
at org.openqa.selenium.support.pagefactory.DefaultElementLocator.findElement(DefaultElementLocator.java:69)
at org.openqa.selenium.support.pagefactory.internal.LocatingElementHandler.invoke(LocatingElementHandler.java:38)
at com.sun.proxy.$Proxy9.sendKeys(Unknown Source)
at mikaels.clappy.ui.ClappyTestClass_UI.FillCreateClientForm(ClappyTestClass_UI.java:280)
at mikaels.clappy.ClappyAdminTestClass.Test17_Fill_Create_Client_Form(ClappyAdminTestClass.java:119)
... Removed 33 stack frames]]>
    </failure>
  </testcase> <!-- Test17_Fill_Create_Client_Form -->
  <testcase classname="mikaels.clappy.ClappyAdminTestClass" name="Test18_Click_Create_Client" time="5.109"/>
  <testcase classname="mikaels.clappy.ClappyAdminTestClass" name="Test19_Verify_Create_Client_Success_Message" time="120.096">
    <failure type="org.openqa.selenium.TimeoutException" message="Expected condition failed: waiting for visibility of Proxy element for: DefaultElementLocator &amp;apos;By.cssSelector: [class = &amp;apos;alert alert-success&amp;apos;]&amp;apos; (tried for 60 second(s) with 500 milliseconds interval)">
      <![CDATA[org.openqa.selenium.TimeoutException: Expected condition failed: waiting for visibility of Proxy element for: DefaultElementLocator 'By.cssSelector: [class = 'alert alert-success']' (tried for 60 second(s) with 500 milliseconds interval)
at org.openqa.selenium.support.ui.WebDriverWait.timeoutException(WebDriverWait.java:81)
at org.openqa.selenium.support.ui.FluentWait.until(FluentWait.java:271)
at mikaels.clappy.baseclass.BaseUi.waitForElementToVisible(BaseUi.java:429)
at mikaels.clappy.baseclass.BaseUi.isElementDisplayed(BaseUi.java:168)
at mikaels.clappy.ui.ClappyTestClass_UI.VerifyCreateClientSuccessMessage(ClappyTestClass_UI.java:291)
at mikaels.clappy.ClappyAdminTestClass.Test19_Verify_Create_Client_Success_Message(ClappyAdminTestClass.java:129)
Caused by: org.openqa.selenium.NoSuchElementException: no such element: Unable to locate element: {"method":"css selector","selector":"[class = 'alert alert-success']"}
  (Session info: chrome=68.0.3440.106)
  (Driver info: chromedriver=2.35.528161 (5b82f2d2aae0ca24b877009200ced9065a772e73),platform=Windows NT 10.0.17134 x86_64) (WARNING: The server did not provide any stacktrace information)
Command duration or timeout: 0 milliseconds
For documentation on this error, please visit: http://seleniumhq.org/exceptions/no_such_element.html
Build info: version: '3.11.0', revision: 'e59cfb3', time: '2018-03-11T20:26:55.152Z'
System info: host: 'DESKTOP-L4S2AS9', ip: '192.168.0.114', os.name: 'Windows 10', os.arch: 'amd64', os.version: '10.0', java.version: '10.0.2'
Driver info: org.openqa.selenium.chrome.ChromeDriver
Capabilities {acceptInsecureCerts: false, acceptSslCerts: false, applicationCacheEnabled: false, browserConnectionEnabled: false, browserName: chrome, chrome: {chromedriverVersion: 2.35.528161 (5b82f2d2aae0ca..., userDataDir: C:\Users\ABC\AppData\Local\...}, cssSelectorsEnabled: true, databaseEnabled: false, handlesAlerts: true, hasTouchScreen: false, javascriptEnabled: true, locationContextEnabled: true, mobileEmulationEnabled: false, nativeEvents: true, networkConnectionEnabled: false, pageLoadStrategy: normal, platform: XP, platformName: XP, rotatable: false, setWindowRect: true, takesHeapSnapshot: true, takesScreenshot: true, unexpectedAlertBehaviour: , unhandledPromptBehavior: , version: 68.0.3440.106, webStorageEnabled: true}
Session ID: 75cf5a26322e0dd1d061c10a39ff81bd
*** Element info: {Using=css selector, value=[class = 'alert alert-success']}
at org.openqa.selenium.remote.ErrorHandler.createThrowable(ErrorHandler.java:214)
at org.openqa.selenium.remote.ErrorHandler.throwIfResponseFailed(ErrorHandler.java:166)
at org.openqa.selenium.remote.http.JsonHttpResponseCodec.reconstructValue(JsonHttpResponseCodec.java:40)
at org.openqa.selenium.remote.http.AbstractHttpResponseCodec.decode(AbstractHttpResponseCodec.java:80)
at org.openqa.selenium.remote.http.AbstractHttpResponseCodec.decode(AbstractHttpResponseCodec.java:44)
at org.openqa.selenium.remote.HttpCommandExecutor.execute(HttpCommandExecutor.java:158)
at org.openqa.selenium.remote.service.DriverCommandExecutor.execute(DriverCommandExecutor.java:83)
at org.openqa.selenium.remote.RemoteWebDriver.execute(RemoteWebDriver.java:545)
at org.openqa.selenium.remote.RemoteWebDriver.findElement(RemoteWebDriver.java:319)
at org.openqa.selenium.remote.RemoteWebDriver.findElementByCssSelector(RemoteWebDriver.java:413)
at org.openqa.selenium.By$ByCssSelector.findElement(By.java:430)
at org.openqa.selenium.remote.RemoteWebDriver.findElement(RemoteWebDriver.java:311)
at org.openqa.selenium.support.pagefactory.DefaultElementLocator.findElement(DefaultElementLocator.java:69)
at org.openqa.selenium.support.pagefactory.internal.LocatingElementHandler.invoke(LocatingElementHandler.java:38)
at com.sun.proxy.$Proxy9.isDisplayed(Unknown Source)
at org.openqa.selenium.support.ui.ExpectedConditions.elementIfVisible(ExpectedConditions.java:315)
at org.openqa.selenium.support.ui.ExpectedConditions.access$100(ExpectedConditions.java:44)
at org.openqa.selenium.support.ui.ExpectedConditions$10.apply(ExpectedConditions.java:301)
at org.openqa.selenium.support.ui.ExpectedConditions$10.apply(ExpectedConditions.java:298)
at org.openqa.selenium.support.ui.FluentWait.until(FluentWait.java:248)
... 33 more
... Removed 33 stack frames]]>
    </failure>
  </testcase> <!-- Test19_Verify_Create_Client_Success_Message -->
  <testcase classname="mikaels.clappy.ClappyAdminTestClass" name="Test20_Redirect_To_Client_Management" time="3.298"/>
  <testcase classname="mikaels.clappy.ClappyAdminTestClass" name="Test21_Verify_Redirection_To_Modules_Management" time="1.025"/>
  <testcase classname="mikaels.clappy.ClappyAdminTestClass" name="Test22_Verify_3_Modules_Management_Elements" time="0.3"/>
  <testcase classname="mikaels.clappy.ClappyAdminTestClass" name="Test23_Verify_6_Modules_Management_Modules" time="0.409"/>
</testsuite> <!-- campaignCreation -->
