<html>
<head>
<title>TestNG:  campaignCreation</title>
<link href="../testng.css" rel="stylesheet" type="text/css" />
<link href="../my-testng.css" rel="stylesheet" type="text/css" />

<style type="text/css">
.log { display: none;} 
.stack-trace { display: none;} 
</style>
<script type="text/javascript">
<!--
function flip(e) {
  current = e.style.display;
  if (current == 'block') {
    e.style.display = 'none';
    return 0;
  }
  else {
    e.style.display = 'block';
    return 1;
  }
}

function toggleBox(szDivId, elem, msg1, msg2)
{
  var res = -1;  if (document.getElementById) {
    res = flip(document.getElementById(szDivId));
  }
  else if (document.all) {
    // this is the way old msie versions work
    res = flip(document.all[szDivId]);
  }
  if(elem) {
    if(res == 0) elem.innerHTML = msg1; else elem.innerHTML = msg2;
  }

}

function toggleAllBoxes() {
  if (document.getElementsByTagName) {
    d = document.getElementsByTagName('div');
    for (i = 0; i < d.length; i++) {
      if (d[i].className == 'log') {
        flip(d[i]);
      }
    }
  }
}

// -->
</script>

</head>
<body>
<h2 align='center'>campaignCreation</h2><table border='1' align="center">
<tr>
<td>Tests passed/Failed/Skipped:</td><td>21/2/0</td>
</tr><tr>
<td>Started on:</td><td>Mon Sep 24 18:30:15 PKT 2018</td>
</tr>
<tr><td>Total time:</td><td>237 seconds (237859 ms)</td>
</tr><tr>
<td>Included groups:</td><td></td>
</tr><tr>
<td>Excluded groups:</td><td></td>
</tr>
</table><p/>
<small><i>(Hover the method name to see the test class name)</i></small><p/>
<table width='100%' border='1' class='invocation-failed'>
<tr><td colspan='4' align='center'><b>FAILED TESTS</b></td></tr>
<tr><td><b>Test method</b></td>
<td width="30%"><b>Exception</b></td>
<td width="10%"><b>Time (seconds)</b></td>
<td><b>Instance</b></td>
</tr>
<tr>
<td title='mikaels.clappy.ClappyAdminTestClass.Test17_Fill_Create_Client_Form()'><b>Test17_Fill_Create_Client_Form</b><br>Test class: mikaels.clappy.ClappyAdminTestClass</td>
<td><div><pre>org.openqa.selenium.NoSuchElementException: no such element: Unable to locate element: {&quot;method&quot;:&quot;css selector&quot;,&quot;selector&quot;:&quot;[id = &apos;email&apos;]&quot;}
  (Session info: chrome=68.0.3440.106)
  (Driver info: chromedriver=2.35.528161 (5b82f2d2aae0ca24b877009200ced9065a772e73),platform=Windows NT 10.0.17134 x86_64) (WARNING: The server did not provide any stacktrace information)
Command duration or timeout: 0 milliseconds
For documentation on this error, please visit: http://seleniumhq.org/exceptions/no_such_element.html
Build info: version: &apos;3.11.0&apos;, revision: &apos;e59cfb3&apos;, time: &apos;2018-03-11T20:26:55.152Z&apos;
System info: host: &apos;DESKTOP-L4S2AS9&apos;, ip: &apos;192.168.0.114&apos;, os.name: &apos;Windows 10&apos;, os.arch: &apos;amd64&apos;, os.version: &apos;10.0&apos;, java.version: &apos;10.0.2&apos;
Driver info: org.openqa.selenium.chrome.ChromeDriver
Capabilities {acceptInsecureCerts: false, acceptSslCerts: false, applicationCacheEnabled: false, browserConnectionEnabled: false, browserName: chrome, chrome: {chromedriverVersion: 2.35.528161 (5b82f2d2aae0ca..., userDataDir: C:\Users\ABC\AppData\Local\...}, cssSelectorsEnabled: true, databaseEnabled: false, handlesAlerts: true, hasTouchScreen: false, javascriptEnabled: true, locationContextEnabled: true, mobileEmulationEnabled: false, nativeEvents: true, networkConnectionEnabled: false, pageLoadStrategy: normal, platform: XP, platformName: XP, rotatable: false, setWindowRect: true, takesHeapSnapshot: true, takesScreenshot: true, unexpectedAlertBehaviour: , unhandledPromptBehavior: , version: 68.0.3440.106, webStorageEnabled: true}
Session ID: 75cf5a26322e0dd1d061c10a39ff81bd
*** Element info: {Using=css selector, value=[id = &apos;email&apos;]}
	at org.openqa.selenium.remote.ErrorHandler.createThrowable(ErrorHandler.java:214)
	at org.openqa.selenium.remote.ErrorHandler.throwIfResponseFailed(ErrorHandler.java:166)
	at org.openqa.selenium.remote.http.JsonHttpResponseCodec.reconstructValue(JsonHttpResponseCodec.java:40)
	at org.openqa.selenium.remote.http.AbstractHttpResponseCodec.decode(AbstractHttpResponseCodec.java:80)
	at org.openqa.selenium.remote.http.AbstractHttpResponseCodec.decode(AbstractHttpResponseCodec.java:44)
	at org.openqa.selenium.remote.HttpCommandExecutor.execute(HttpCommandExecutor.java:158)
	at org.openqa.selenium.remote.service.DriverCommandExecutor.execute(DriverCommandExecutor.java:83)
	at org.openqa.selenium.remote.RemoteWebDriver.execute(RemoteWebDriver.java:545)
	at org.openqa.selenium.remote.RemoteWebDriver.findElement(RemoteWebDriver.java:319)
	at org.openqa.selenium.remote.RemoteWebDriver.findElementByCssSelector(RemoteWebDriver.java:413)
	at org.openqa.selenium.By$ByCssSelector.findElement(By.java:430)
	at org.openqa.selenium.remote.RemoteWebDriver.findElement(RemoteWebDriver.java:311)
	at org.openqa.selenium.support.pagefactory.DefaultElementLocator.findElement(DefaultElementLocator.java:69)
	at org.openqa.selenium.support.pagefactory.internal.LocatingElementHandler.invoke(LocatingElementHandler.java:38)
	at com.sun.proxy.$Proxy9.sendKeys(Unknown Source)
	at mikaels.clappy.ui.ClappyTestClass_UI.FillCreateClientForm(ClappyTestClass_UI.java:280)
	at mikaels.clappy.ClappyAdminTestClass.Test17_Fill_Create_Client_Form(ClappyAdminTestClass.java:119)
... Removed 33 stack frames</pre></div><a href='#' onClick='toggleBox("stack-trace1937693946", this, "Click to show all stack frames", "Click to hide stack frames")'>Click to show all stack frames</a>
<div class='stack-trace' id='stack-trace1937693946'><pre>org.openqa.selenium.NoSuchElementException: no such element: Unable to locate element: {&quot;method&quot;:&quot;css selector&quot;,&quot;selector&quot;:&quot;[id = &apos;email&apos;]&quot;}
  (Session info: chrome=68.0.3440.106)
  (Driver info: chromedriver=2.35.528161 (5b82f2d2aae0ca24b877009200ced9065a772e73),platform=Windows NT 10.0.17134 x86_64) (WARNING: The server did not provide any stacktrace information)
Command duration or timeout: 0 milliseconds
For documentation on this error, please visit: http://seleniumhq.org/exceptions/no_such_element.html
Build info: version: &apos;3.11.0&apos;, revision: &apos;e59cfb3&apos;, time: &apos;2018-03-11T20:26:55.152Z&apos;
System info: host: &apos;DESKTOP-L4S2AS9&apos;, ip: &apos;192.168.0.114&apos;, os.name: &apos;Windows 10&apos;, os.arch: &apos;amd64&apos;, os.version: &apos;10.0&apos;, java.version: &apos;10.0.2&apos;
Driver info: org.openqa.selenium.chrome.ChromeDriver
Capabilities {acceptInsecureCerts: false, acceptSslCerts: false, applicationCacheEnabled: false, browserConnectionEnabled: false, browserName: chrome, chrome: {chromedriverVersion: 2.35.528161 (5b82f2d2aae0ca..., userDataDir: C:\Users\ABC\AppData\Local\...}, cssSelectorsEnabled: true, databaseEnabled: false, handlesAlerts: true, hasTouchScreen: false, javascriptEnabled: true, locationContextEnabled: true, mobileEmulationEnabled: false, nativeEvents: true, networkConnectionEnabled: false, pageLoadStrategy: normal, platform: XP, platformName: XP, rotatable: false, setWindowRect: true, takesHeapSnapshot: true, takesScreenshot: true, unexpectedAlertBehaviour: , unhandledPromptBehavior: , version: 68.0.3440.106, webStorageEnabled: true}
Session ID: 75cf5a26322e0dd1d061c10a39ff81bd
*** Element info: {Using=css selector, value=[id = &apos;email&apos;]}
	at java.base/jdk.internal.reflect.NativeConstructorAccessorImpl.newInstance0(Native Method)
	at java.base/jdk.internal.reflect.NativeConstructorAccessorImpl.newInstance(NativeConstructorAccessorImpl.java:62)
	at java.base/jdk.internal.reflect.DelegatingConstructorAccessorImpl.newInstance(DelegatingConstructorAccessorImpl.java:45)
	at java.base/java.lang.reflect.Constructor.newInstance(Constructor.java:488)
	at org.openqa.selenium.remote.ErrorHandler.createThrowable(ErrorHandler.java:214)
	at org.openqa.selenium.remote.ErrorHandler.throwIfResponseFailed(ErrorHandler.java:166)
	at org.openqa.selenium.remote.http.JsonHttpResponseCodec.reconstructValue(JsonHttpResponseCodec.java:40)
	at org.openqa.selenium.remote.http.AbstractHttpResponseCodec.decode(AbstractHttpResponseCodec.java:80)
	at org.openqa.selenium.remote.http.AbstractHttpResponseCodec.decode(AbstractHttpResponseCodec.java:44)
	at org.openqa.selenium.remote.HttpCommandExecutor.execute(HttpCommandExecutor.java:158)
	at org.openqa.selenium.remote.service.DriverCommandExecutor.execute(DriverCommandExecutor.java:83)
	at org.openqa.selenium.remote.RemoteWebDriver.execute(RemoteWebDriver.java:545)
	at org.openqa.selenium.remote.RemoteWebDriver.findElement(RemoteWebDriver.java:319)
	at org.openqa.selenium.remote.RemoteWebDriver.findElementByCssSelector(RemoteWebDriver.java:413)
	at org.openqa.selenium.By$ByCssSelector.findElement(By.java:430)
	at org.openqa.selenium.remote.RemoteWebDriver.findElement(RemoteWebDriver.java:311)
	at org.openqa.selenium.support.pagefactory.DefaultElementLocator.findElement(DefaultElementLocator.java:69)
	at org.openqa.selenium.support.pagefactory.internal.LocatingElementHandler.invoke(LocatingElementHandler.java:38)
	at com.sun.proxy.$Proxy9.sendKeys(Unknown Source)
	at mikaels.clappy.ui.ClappyTestClass_UI.FillCreateClientForm(ClappyTestClass_UI.java:280)
	at mikaels.clappy.ClappyAdminTestClass.Test17_Fill_Create_Client_Form(ClappyAdminTestClass.java:119)
	at java.base/jdk.internal.reflect.NativeMethodAccessorImpl.invoke0(Native Method)
	at java.base/jdk.internal.reflect.NativeMethodAccessorImpl.invoke(NativeMethodAccessorImpl.java:62)
	at java.base/jdk.internal.reflect.DelegatingMethodAccessorImpl.invoke(DelegatingMethodAccessorImpl.java:43)
	at java.base/java.lang.reflect.Method.invoke(Method.java:564)
	at org.testng.internal.MethodInvocationHelper.invokeMethod(MethodInvocationHelper.java:124)
	at org.testng.internal.Invoker.invokeMethod(Invoker.java:583)
	at org.testng.internal.Invoker.invokeTestMethod(Invoker.java:719)
	at org.testng.internal.Invoker.invokeTestMethods(Invoker.java:989)
	at org.testng.internal.TestMethodWorker.invokeTestMethods(TestMethodWorker.java:125)
	at org.testng.internal.TestMethodWorker.run(TestMethodWorker.java:109)
	at org.testng.TestRunner.privateRun(TestRunner.java:648)
	at org.testng.TestRunner.run(TestRunner.java:505)
	at org.testng.SuiteRunner.runTest(SuiteRunner.java:455)
	at org.testng.SuiteRunner.runSequentially(SuiteRunner.java:450)
	at org.testng.SuiteRunner.privateRun(SuiteRunner.java:415)
	at org.testng.SuiteRunner.run(SuiteRunner.java:364)
	at org.testng.SuiteRunnerWorker.runSuite(SuiteRunnerWorker.java:52)
	at org.testng.SuiteRunnerWorker.run(SuiteRunnerWorker.java:84)
	at org.testng.TestNG.runSuitesSequentially(TestNG.java:1208)
	at org.testng.TestNG.runSuitesLocally(TestNG.java:1137)
	at org.testng.TestNG.runSuites(TestNG.java:1049)
	at org.testng.TestNG.run(TestNG.java:1017)
	at org.apache.maven.surefire.testng.TestNGExecutor.run(TestNGExecutor.java:283)
	at org.apache.maven.surefire.testng.TestNGXmlTestSuite.execute(TestNGXmlTestSuite.java:75)
	at org.apache.maven.surefire.testng.TestNGProvider.invoke(TestNGProvider.java:120)
	at org.apache.maven.surefire.booter.ForkedBooter.invokeProviderInSameClassLoader(ForkedBooter.java:379)
	at org.apache.maven.surefire.booter.ForkedBooter.runSuitesInProcess(ForkedBooter.java:340)
	at org.apache.maven.surefire.booter.ForkedBooter.execute(ForkedBooter.java:125)
	at org.apache.maven.surefire.booter.ForkedBooter.main(ForkedBooter.java:413)
</pre></div></td>
<td>60</td>
<td>mikaels.clappy.ClappyAdminTestClass@6ad82709</td></tr>
<tr>
<td title='mikaels.clappy.ClappyAdminTestClass.Test19_Verify_Create_Client_Success_Message()'><b>Test19_Verify_Create_Client_Success_Message</b><br>Test class: mikaels.clappy.ClappyAdminTestClass</td>
<td><div><pre>org.openqa.selenium.TimeoutException: Expected condition failed: waiting for visibility of Proxy element for: DefaultElementLocator &apos;By.cssSelector: [class = &apos;alert alert-success&apos;]&apos; (tried for 60 second(s) with 500 milliseconds interval)
	at org.openqa.selenium.support.ui.WebDriverWait.timeoutException(WebDriverWait.java:81)
	at org.openqa.selenium.support.ui.FluentWait.until(FluentWait.java:271)
	at mikaels.clappy.baseclass.BaseUi.waitForElementToVisible(BaseUi.java:429)
	at mikaels.clappy.baseclass.BaseUi.isElementDisplayed(BaseUi.java:168)
	at mikaels.clappy.ui.ClappyTestClass_UI.VerifyCreateClientSuccessMessage(ClappyTestClass_UI.java:291)
	at mikaels.clappy.ClappyAdminTestClass.Test19_Verify_Create_Client_Success_Message(ClappyAdminTestClass.java:129)
Caused by: org.openqa.selenium.NoSuchElementException: no such element: Unable to locate element: {&quot;method&quot;:&quot;css selector&quot;,&quot;selector&quot;:&quot;[class = &apos;alert alert-success&apos;]&quot;}
  (Session info: chrome=68.0.3440.106)
  (Driver info: chromedriver=2.35.528161 (5b82f2d2aae0ca24b877009200ced9065a772e73),platform=Windows NT 10.0.17134 x86_64) (WARNING: The server did not provide any stacktrace information)
Command duration or timeout: 0 milliseconds
For documentation on this error, please visit: http://seleniumhq.org/exceptions/no_such_element.html
Build info: version: &apos;3.11.0&apos;, revision: &apos;e59cfb3&apos;, time: &apos;2018-03-11T20:26:55.152Z&apos;
System info: host: &apos;DESKTOP-L4S2AS9&apos;, ip: &apos;192.168.0.114&apos;, os.name: &apos;Windows 10&apos;, os.arch: &apos;amd64&apos;, os.version: &apos;10.0&apos;, java.version: &apos;10.0.2&apos;
Driver info: org.openqa.selenium.chrome.ChromeDriver
Capabilities {acceptInsecureCerts: false, acceptSslCerts: false, applicationCacheEnabled: false, browserConnectionEnabled: false, browserName: chrome, chrome: {chromedriverVersion: 2.35.528161 (5b82f2d2aae0ca..., userDataDir: C:\Users\ABC\AppData\Local\...}, cssSelectorsEnabled: true, databaseEnabled: false, handlesAlerts: true, hasTouchScreen: false, javascriptEnabled: true, locationContextEnabled: true, mobileEmulationEnabled: false, nativeEvents: true, networkConnectionEnabled: false, pageLoadStrategy: normal, platform: XP, platformName: XP, rotatable: false, setWindowRect: true, takesHeapSnapshot: true, takesScreenshot: true, unexpectedAlertBehaviour: , unhandledPromptBehavior: , version: 68.0.3440.106, webStorageEnabled: true}
Session ID: 75cf5a26322e0dd1d061c10a39ff81bd
*** Element info: {Using=css selector, value=[class = &apos;alert alert-success&apos;]}
	at org.openqa.selenium.remote.ErrorHandler.createThrowable(ErrorHandler.java:214)
	at org.openqa.selenium.remote.ErrorHandler.throwIfResponseFailed(ErrorHandler.java:166)
	at org.openqa.selenium.remote.http.JsonHttpResponseCodec.reconstructValue(JsonHttpResponseCodec.java:40)
	at org.openqa.selenium.remote.http.AbstractHttpResponseCodec.decode(AbstractHttpResponseCodec.java:80)
	at org.openqa.selenium.remote.http.AbstractHttpResponseCodec.decode(AbstractHttpResponseCodec.java:44)
	at org.openqa.selenium.remote.HttpCommandExecutor.execute(HttpCommandExecutor.java:158)
	at org.openqa.selenium.remote.service.DriverCommandExecutor.execute(DriverCommandExecutor.java:83)
	at org.openqa.selenium.remote.RemoteWebDriver.execute(RemoteWebDriver.java:545)
	at org.openqa.selenium.remote.RemoteWebDriver.findElement(RemoteWebDriver.java:319)
	at org.openqa.selenium.remote.RemoteWebDriver.findElementByCssSelector(RemoteWebDriver.java:413)
	at org.openqa.selenium.By$ByCssSelector.findElement(By.java:430)
	at org.openqa.selenium.remote.RemoteWebDriver.findElement(RemoteWebDriver.java:311)
	at org.openqa.selenium.support.pagefactory.DefaultElementLocator.findElement(DefaultElementLocator.java:69)
	at org.openqa.selenium.support.pagefactory.internal.LocatingElementHandler.invoke(LocatingElementHandler.java:38)
	at com.sun.proxy.$Proxy9.isDisplayed(Unknown Source)
	at org.openqa.selenium.support.ui.ExpectedConditions.elementIfVisible(ExpectedConditions.java:315)
	at org.openqa.selenium.support.ui.ExpectedConditions.access$100(ExpectedConditions.java:44)
	at org.openqa.selenium.support.ui.ExpectedConditions$10.apply(ExpectedConditions.java:301)
	at org.openqa.selenium.support.ui.ExpectedConditions$10.apply(ExpectedConditions.java:298)
	at org.openqa.selenium.support.ui.FluentWait.until(FluentWait.java:248)
	... 33 more
... Removed 33 stack frames</pre></div><a href='#' onClick='toggleBox("stack-trace918899286", this, "Click to show all stack frames", "Click to hide stack frames")'>Click to show all stack frames</a>
<div class='stack-trace' id='stack-trace918899286'><pre>org.openqa.selenium.TimeoutException: Expected condition failed: waiting for visibility of Proxy element for: DefaultElementLocator &apos;By.cssSelector: [class = &apos;alert alert-success&apos;]&apos; (tried for 60 second(s) with 500 milliseconds interval)
	at org.openqa.selenium.support.ui.WebDriverWait.timeoutException(WebDriverWait.java:81)
	at org.openqa.selenium.support.ui.FluentWait.until(FluentWait.java:271)
	at mikaels.clappy.baseclass.BaseUi.waitForElementToVisible(BaseUi.java:429)
	at mikaels.clappy.baseclass.BaseUi.isElementDisplayed(BaseUi.java:168)
	at mikaels.clappy.ui.ClappyTestClass_UI.VerifyCreateClientSuccessMessage(ClappyTestClass_UI.java:291)
	at mikaels.clappy.ClappyAdminTestClass.Test19_Verify_Create_Client_Success_Message(ClappyAdminTestClass.java:129)
	at java.base/jdk.internal.reflect.NativeMethodAccessorImpl.invoke0(Native Method)
	at java.base/jdk.internal.reflect.NativeMethodAccessorImpl.invoke(NativeMethodAccessorImpl.java:62)
	at java.base/jdk.internal.reflect.DelegatingMethodAccessorImpl.invoke(DelegatingMethodAccessorImpl.java:43)
	at java.base/java.lang.reflect.Method.invoke(Method.java:564)
	at org.testng.internal.MethodInvocationHelper.invokeMethod(MethodInvocationHelper.java:124)
	at org.testng.internal.Invoker.invokeMethod(Invoker.java:583)
	at org.testng.internal.Invoker.invokeTestMethod(Invoker.java:719)
	at org.testng.internal.Invoker.invokeTestMethods(Invoker.java:989)
	at org.testng.internal.TestMethodWorker.invokeTestMethods(TestMethodWorker.java:125)
	at org.testng.internal.TestMethodWorker.run(TestMethodWorker.java:109)
	at org.testng.TestRunner.privateRun(TestRunner.java:648)
	at org.testng.TestRunner.run(TestRunner.java:505)
	at org.testng.SuiteRunner.runTest(SuiteRunner.java:455)
	at org.testng.SuiteRunner.runSequentially(SuiteRunner.java:450)
	at org.testng.SuiteRunner.privateRun(SuiteRunner.java:415)
	at org.testng.SuiteRunner.run(SuiteRunner.java:364)
	at org.testng.SuiteRunnerWorker.runSuite(SuiteRunnerWorker.java:52)
	at org.testng.SuiteRunnerWorker.run(SuiteRunnerWorker.java:84)
	at org.testng.TestNG.runSuitesSequentially(TestNG.java:1208)
	at org.testng.TestNG.runSuitesLocally(TestNG.java:1137)
	at org.testng.TestNG.runSuites(TestNG.java:1049)
	at org.testng.TestNG.run(TestNG.java:1017)
	at org.apache.maven.surefire.testng.TestNGExecutor.run(TestNGExecutor.java:283)
	at org.apache.maven.surefire.testng.TestNGXmlTestSuite.execute(TestNGXmlTestSuite.java:75)
	at org.apache.maven.surefire.testng.TestNGProvider.invoke(TestNGProvider.java:120)
	at org.apache.maven.surefire.booter.ForkedBooter.invokeProviderInSameClassLoader(ForkedBooter.java:379)
	at org.apache.maven.surefire.booter.ForkedBooter.runSuitesInProcess(ForkedBooter.java:340)
	at org.apache.maven.surefire.booter.ForkedBooter.execute(ForkedBooter.java:125)
	at org.apache.maven.surefire.booter.ForkedBooter.main(ForkedBooter.java:413)
Caused by: org.openqa.selenium.NoSuchElementException: no such element: Unable to locate element: {&quot;method&quot;:&quot;css selector&quot;,&quot;selector&quot;:&quot;[class = &apos;alert alert-success&apos;]&quot;}
  (Session info: chrome=68.0.3440.106)
  (Driver info: chromedriver=2.35.528161 (5b82f2d2aae0ca24b877009200ced9065a772e73),platform=Windows NT 10.0.17134 x86_64) (WARNING: The server did not provide any stacktrace information)
Command duration or timeout: 0 milliseconds
For documentation on this error, please visit: http://seleniumhq.org/exceptions/no_such_element.html
Build info: version: &apos;3.11.0&apos;, revision: &apos;e59cfb3&apos;, time: &apos;2018-03-11T20:26:55.152Z&apos;
System info: host: &apos;DESKTOP-L4S2AS9&apos;, ip: &apos;192.168.0.114&apos;, os.name: &apos;Windows 10&apos;, os.arch: &apos;amd64&apos;, os.version: &apos;10.0&apos;, java.version: &apos;10.0.2&apos;
Driver info: org.openqa.selenium.chrome.ChromeDriver
Capabilities {acceptInsecureCerts: false, acceptSslCerts: false, applicationCacheEnabled: false, browserConnectionEnabled: false, browserName: chrome, chrome: {chromedriverVersion: 2.35.528161 (5b82f2d2aae0ca..., userDataDir: C:\Users\ABC\AppData\Local\...}, cssSelectorsEnabled: true, databaseEnabled: false, handlesAlerts: true, hasTouchScreen: false, javascriptEnabled: true, locationContextEnabled: true, mobileEmulationEnabled: false, nativeEvents: true, networkConnectionEnabled: false, pageLoadStrategy: normal, platform: XP, platformName: XP, rotatable: false, setWindowRect: true, takesHeapSnapshot: true, takesScreenshot: true, unexpectedAlertBehaviour: , unhandledPromptBehavior: , version: 68.0.3440.106, webStorageEnabled: true}
Session ID: 75cf5a26322e0dd1d061c10a39ff81bd
*** Element info: {Using=css selector, value=[class = &apos;alert alert-success&apos;]}
	at java.base/jdk.internal.reflect.NativeConstructorAccessorImpl.newInstance0(Native Method)
	at java.base/jdk.internal.reflect.NativeConstructorAccessorImpl.newInstance(NativeConstructorAccessorImpl.java:62)
	at java.base/jdk.internal.reflect.DelegatingConstructorAccessorImpl.newInstance(DelegatingConstructorAccessorImpl.java:45)
	at java.base/java.lang.reflect.Constructor.newInstance(Constructor.java:488)
	at org.openqa.selenium.remote.ErrorHandler.createThrowable(ErrorHandler.java:214)
	at org.openqa.selenium.remote.ErrorHandler.throwIfResponseFailed(ErrorHandler.java:166)
	at org.openqa.selenium.remote.http.JsonHttpResponseCodec.reconstructValue(JsonHttpResponseCodec.java:40)
	at org.openqa.selenium.remote.http.AbstractHttpResponseCodec.decode(AbstractHttpResponseCodec.java:80)
	at org.openqa.selenium.remote.http.AbstractHttpResponseCodec.decode(AbstractHttpResponseCodec.java:44)
	at org.openqa.selenium.remote.HttpCommandExecutor.execute(HttpCommandExecutor.java:158)
	at org.openqa.selenium.remote.service.DriverCommandExecutor.execute(DriverCommandExecutor.java:83)
	at org.openqa.selenium.remote.RemoteWebDriver.execute(RemoteWebDriver.java:545)
	at org.openqa.selenium.remote.RemoteWebDriver.findElement(RemoteWebDriver.java:319)
	at org.openqa.selenium.remote.RemoteWebDriver.findElementByCssSelector(RemoteWebDriver.java:413)
	at org.openqa.selenium.By$ByCssSelector.findElement(By.java:430)
	at org.openqa.selenium.remote.RemoteWebDriver.findElement(RemoteWebDriver.java:311)
	at org.openqa.selenium.support.pagefactory.DefaultElementLocator.findElement(DefaultElementLocator.java:69)
	at org.openqa.selenium.support.pagefactory.internal.LocatingElementHandler.invoke(LocatingElementHandler.java:38)
	at com.sun.proxy.$Proxy9.isDisplayed(Unknown Source)
	at org.openqa.selenium.support.ui.ExpectedConditions.elementIfVisible(ExpectedConditions.java:315)
	at org.openqa.selenium.support.ui.ExpectedConditions.access$100(ExpectedConditions.java:44)
	at org.openqa.selenium.support.ui.ExpectedConditions$10.apply(ExpectedConditions.java:301)
	at org.openqa.selenium.support.ui.ExpectedConditions$10.apply(ExpectedConditions.java:298)
	at org.openqa.selenium.support.ui.FluentWait.until(FluentWait.java:248)
	... 33 more
</pre></div></td>
<td>120</td>
<td>mikaels.clappy.ClappyAdminTestClass@6ad82709</td></tr>
</table><p>
<table width='100%' border='1' class='invocation-passed'>
<tr><td colspan='4' align='center'><b>PASSED TESTS</b></td></tr>
<tr><td><b>Test method</b></td>
<td width="30%"><b>Exception</b></td>
<td width="10%"><b>Time (seconds)</b></td>
<td><b>Instance</b></td>
</tr>
<tr>
<td title='mikaels.clappy.ClappyAdminTestClass.Test01_Fill_Login_Credentials()'><b>Test01_Fill_Login_Credentials</b><br>Test class: mikaels.clappy.ClappyAdminTestClass</td>
<td></td>
<td>7</td>
<td>mikaels.clappy.ClappyAdminTestClass@6ad82709</td></tr>
<tr>
<td title='mikaels.clappy.ClappyAdminTestClass.Test02_Click_Login_Button()'><b>Test02_Click_Login_Button</b><br>Test class: mikaels.clappy.ClappyAdminTestClass</td>
<td></td>
<td>6</td>
<td>mikaels.clappy.ClappyAdminTestClass@6ad82709</td></tr>
<tr>
<td title='mikaels.clappy.ClappyAdminTestClass.Test03_Verify_Login()'><b>Test03_Verify_Login</b><br>Test class: mikaels.clappy.ClappyAdminTestClass</td>
<td></td>
<td>1</td>
<td>mikaels.clappy.ClappyAdminTestClass@6ad82709</td></tr>
<tr>
<td title='mikaels.clappy.ClappyAdminTestClass.Test04_Redirect_To_Admin_Management()'><b>Test04_Redirect_To_Admin_Management</b><br>Test class: mikaels.clappy.ClappyAdminTestClass</td>
<td></td>
<td>3</td>
<td>mikaels.clappy.ClappyAdminTestClass@6ad82709</td></tr>
<tr>
<td title='mikaels.clappy.ClappyAdminTestClass.Test05_Verify_Redirection_To_Admin_Management()'><b>Test05_Verify_Redirection_To_Admin_Management</b><br>Test class: mikaels.clappy.ClappyAdminTestClass</td>
<td></td>
<td>1</td>
<td>mikaels.clappy.ClappyAdminTestClass@6ad82709</td></tr>
<tr>
<td title='mikaels.clappy.ClappyAdminTestClass.Test06_Verify_8_Admin_Management_Elements()'><b>Test06_Verify_8_Admin_Management_Elements</b><br>Test class: mikaels.clappy.ClappyAdminTestClass</td>
<td></td>
<td>0</td>
<td>mikaels.clappy.ClappyAdminTestClass@6ad82709</td></tr>
<tr>
<td title='mikaels.clappy.ClappyAdminTestClass.Test07_Create_New_Admin()'><b>Test07_Create_New_Admin</b><br>Test class: mikaels.clappy.ClappyAdminTestClass</td>
<td></td>
<td>3</td>
<td>mikaels.clappy.ClappyAdminTestClass@6ad82709</td></tr>
<tr>
<td title='mikaels.clappy.ClappyAdminTestClass.Test08_Verify_Redirection_To_Create_Admin_Form()'><b>Test08_Verify_Redirection_To_Create_Admin_Form</b><br>Test class: mikaels.clappy.ClappyAdminTestClass</td>
<td></td>
<td>1</td>
<td>mikaels.clappy.ClappyAdminTestClass@6ad82709</td></tr>
<tr>
<td title='mikaels.clappy.ClappyAdminTestClass.Test09_Fill_Create_Admin_Form()'><b>Test09_Fill_Create_Admin_Form</b><br>Test class: mikaels.clappy.ClappyAdminTestClass</td>
<td></td>
<td>1</td>
<td>mikaels.clappy.ClappyAdminTestClass@6ad82709</td></tr>
<tr>
<td title='mikaels.clappy.ClappyAdminTestClass.Test10_Click_Create_Admin()'><b>Test10_Click_Create_Admin</b><br>Test class: mikaels.clappy.ClappyAdminTestClass</td>
<td></td>
<td>6</td>
<td>mikaels.clappy.ClappyAdminTestClass@6ad82709</td></tr>
<tr>
<td title='mikaels.clappy.ClappyAdminTestClass.Test11_Verify_Create_Admin_Success_Message()'><b>Test11_Verify_Create_Admin_Success_Message</b><br>Test class: mikaels.clappy.ClappyAdminTestClass</td>
<td></td>
<td>0</td>
<td>mikaels.clappy.ClappyAdminTestClass@6ad82709</td></tr>
<tr>
<td title='mikaels.clappy.ClappyAdminTestClass.Test12_Redirect_To_Client_Management()'><b>Test12_Redirect_To_Client_Management</b><br>Test class: mikaels.clappy.ClappyAdminTestClass</td>
<td></td>
<td>2</td>
<td>mikaels.clappy.ClappyAdminTestClass@6ad82709</td></tr>
<tr>
<td title='mikaels.clappy.ClappyAdminTestClass.Test13_Verify_Redirection_To_Client_Management()'><b>Test13_Verify_Redirection_To_Client_Management</b><br>Test class: mikaels.clappy.ClappyAdminTestClass</td>
<td></td>
<td>1</td>
<td>mikaels.clappy.ClappyAdminTestClass@6ad82709</td></tr>
<tr>
<td title='mikaels.clappy.ClappyAdminTestClass.Test14_Verify_10_Client_Management_Elements()'><b>Test14_Verify_10_Client_Management_Elements</b><br>Test class: mikaels.clappy.ClappyAdminTestClass</td>
<td></td>
<td>0</td>
<td>mikaels.clappy.ClappyAdminTestClass@6ad82709</td></tr>
<tr>
<td title='mikaels.clappy.ClappyAdminTestClass.Test15_Create_New_Client()'><b>Test15_Create_New_Client</b><br>Test class: mikaels.clappy.ClappyAdminTestClass</td>
<td></td>
<td>3</td>
<td>mikaels.clappy.ClappyAdminTestClass@6ad82709</td></tr>
<tr>
<td title='mikaels.clappy.ClappyAdminTestClass.Test16_Verify_Redirection_To_Create_Client_Form()'><b>Test16_Verify_Redirection_To_Create_Client_Form</b><br>Test class: mikaels.clappy.ClappyAdminTestClass</td>
<td></td>
<td>1</td>
<td>mikaels.clappy.ClappyAdminTestClass@6ad82709</td></tr>
<tr>
<td title='mikaels.clappy.ClappyAdminTestClass.Test18_Click_Create_Client()'><b>Test18_Click_Create_Client</b><br>Test class: mikaels.clappy.ClappyAdminTestClass</td>
<td></td>
<td>5</td>
<td>mikaels.clappy.ClappyAdminTestClass@6ad82709</td></tr>
<tr>
<td title='mikaels.clappy.ClappyAdminTestClass.Test20_Redirect_To_Client_Management()'><b>Test20_Redirect_To_Client_Management</b><br>Test class: mikaels.clappy.ClappyAdminTestClass</td>
<td></td>
<td>3</td>
<td>mikaels.clappy.ClappyAdminTestClass@6ad82709</td></tr>
<tr>
<td title='mikaels.clappy.ClappyAdminTestClass.Test21_Verify_Redirection_To_Modules_Management()'><b>Test21_Verify_Redirection_To_Modules_Management</b><br>Test class: mikaels.clappy.ClappyAdminTestClass</td>
<td></td>
<td>1</td>
<td>mikaels.clappy.ClappyAdminTestClass@6ad82709</td></tr>
<tr>
<td title='mikaels.clappy.ClappyAdminTestClass.Test22_Verify_3_Modules_Management_Elements()'><b>Test22_Verify_3_Modules_Management_Elements</b><br>Test class: mikaels.clappy.ClappyAdminTestClass</td>
<td></td>
<td>0</td>
<td>mikaels.clappy.ClappyAdminTestClass@6ad82709</td></tr>
<tr>
<td title='mikaels.clappy.ClappyAdminTestClass.Test23_Verify_6_Modules_Management_Modules()'><b>Test23_Verify_6_Modules_Management_Modules</b><br>Test class: mikaels.clappy.ClappyAdminTestClass</td>
<td></td>
<td>0</td>
<td>mikaels.clappy.ClappyAdminTestClass@6ad82709</td></tr>
</table><p>
</body>
</html>