<!DOCTYPE html PUBLIC "-//W3C//DTD XHTML 1.1//EN" "http://www.w3.org/TR/xhtml11/DTD/xhtml11.dtd">
<html xmlns="http://www.w3.org/1999/xhtml">
<head>
<meta http-equiv="content-type" content="text/html; charset=UTF-8"/>
<title>TestNG Report</title>
<style type="text/css">table {margin-bottom:10px;border-collapse:collapse;empty-cells:show}th,td {border:1px solid #009;padding:.25em .5em}th {vertical-align:bottom}td {vertical-align:top}table a {font-weight:bold}.stripe td {background-color: #E6EBF9}.num {text-align:right}.passedodd td {background-color: #3F3}.passedeven td {background-color: #0A0}.skippedodd td {background-color: #DDD}.skippedeven td {background-color: #CCC}.failedodd td,.attn {background-color: #F33}.failedeven td,.stripe .attn {background-color: #D00}.stacktrace {white-space:pre;font-family:monospace}.totop {font-size:85%;text-align:center;border-bottom:2px solid #000}.invisible {display:none}</style>
</head>
<body>
<table>
<tr><th>Test</th><th># Passed</th><th># Skipped</th><th># Failed</th><th>Time (ms)</th><th>Included Groups</th><th>Excluded Groups</th></tr>
<tr><th colspan="7">clappySuite</th></tr>
<tr><td><a href="#t0">campaignCreation</a></td><td class="num">21</td><td class="num">0</td><td class="num attn">2</td><td class="num">237,859</td><td></td><td></td></tr>
</table>
<table id='summary'><thead><tr><th>Class</th><th>Method</th><th>Start</th><th>Time (ms)</th></tr></thead><tbody><tr><th colspan="4">clappySuite</th></tr></tbody><tbody id="t0"><tr><th colspan="4">campaignCreation &#8212; failed</th></tr><tr class="failedeven"><td rowspan="2">mikaels.clappy.ClappyAdminTestClass</td><td><a href="#m0">Test17_Fill_Create_Client_Form</a></td><td rowspan="1">1537795862838</td><td rowspan="1">60204</td></tr><tr class="failedeven"><td><a href="#m1">Test19_Verify_Create_Client_Success_Message</a></td><td rowspan="1">1537795928169</td><td rowspan="1">120096</td></tr><tr><th colspan="4">campaignCreation &#8212; passed</th></tr><tr class="passedeven"><td rowspan="21">mikaels.clappy.ClappyAdminTestClass</td><td><a href="#m2">Test01_Fill_Login_Credentials</a></td><td rowspan="1">1537795821988</td><td rowspan="1">7307</td></tr><tr class="passedeven"><td><a href="#m3">Test02_Click_Login_Button</a></td><td rowspan="1">1537795829299</td><td rowspan="1">6455</td></tr><tr class="passedeven"><td><a href="#m4">Test03_Verify_Login</a></td><td rowspan="1">1537795835755</td><td rowspan="1">1020</td></tr><tr class="passedeven"><td><a href="#m5">Test04_Redirect_To_Admin_Management</a></td><td rowspan="1">1537795836776</td><td rowspan="1">3242</td></tr><tr class="passedeven"><td><a href="#m6">Test05_Verify_Redirection_To_Admin_Management</a></td><td rowspan="1">1537795840020</td><td rowspan="1">1026</td></tr><tr class="passedeven"><td><a href="#m7">Test06_Verify_8_Admin_Management_Elements</a></td><td rowspan="1">1537795841047</td><td rowspan="1">717</td></tr><tr class="passedeven"><td><a href="#m8">Test07_Create_New_Admin</a></td><td rowspan="1">1537795841765</td><td rowspan="1">3445</td></tr><tr class="passedeven"><td><a href="#m9">Test08_Verify_Redirection_To_Create_Admin_Form</a></td><td rowspan="1">1537795845210</td><td rowspan="1">1008</td></tr><tr class="passedeven"><td><a href="#m10">Test09_Fill_Create_Admin_Form</a></td><td rowspan="1">1537795846219</td><td rowspan="1">1509</td></tr><tr class="passedeven"><td><a href="#m11">Test10_Click_Create_Admin</a></td><td rowspan="1">1537795847729</td><td rowspan="1">6005</td></tr><tr class="passedeven"><td><a href="#m12">Test11_Verify_Create_Admin_Success_Message</a></td><td rowspan="1">1537795853734</td><td rowspan="1">80</td></tr><tr class="passedeven"><td><a href="#m13">Test12_Redirect_To_Client_Management</a></td><td rowspan="1">1537795853814</td><td rowspan="1">2700</td></tr><tr class="passedeven"><td><a href="#m14">Test13_Verify_Redirection_To_Client_Management</a></td><td rowspan="1">1537795856515</td><td rowspan="1">1023</td></tr><tr class="passedeven"><td><a href="#m15">Test14_Verify_10_Client_Management_Elements</a></td><td rowspan="1">1537795857539</td><td rowspan="1">848</td></tr><tr class="passedeven"><td><a href="#m16">Test15_Create_New_Client</a></td><td rowspan="1">1537795858387</td><td rowspan="1">3429</td></tr><tr class="passedeven"><td><a href="#m17">Test16_Verify_Redirection_To_Create_Client_Form</a></td><td rowspan="1">1537795861817</td><td rowspan="1">1021</td></tr><tr class="passedeven"><td><a href="#m18">Test18_Click_Create_Client</a></td><td rowspan="1">1537795923060</td><td rowspan="1">5109</td></tr><tr class="passedeven"><td><a href="#m19">Test20_Redirect_To_Client_Management</a></td><td rowspan="1">1537796048267</td><td rowspan="1">3298</td></tr><tr class="passedeven"><td><a href="#m20">Test21_Verify_Redirection_To_Modules_Management</a></td><td rowspan="1">1537796051566</td><td rowspan="1">1025</td></tr><tr class="passedeven"><td><a href="#m21">Test22_Verify_3_Modules_Management_Elements</a></td><td rowspan="1">1537796052593</td><td rowspan="1">300</td></tr><tr class="passedeven"><td><a href="#m22">Test23_Verify_6_Modules_Management_Modules</a></td><td rowspan="1">1537796052894</td><td rowspan="1">409</td></tr></tbody>
</table>
<h2>campaignCreation</h2><h3 id="m0">mikaels.clappy.ClappyAdminTestClass#Test17_Fill_Create_Client_Form</h3><table class="result"><tr><th>Exception</th></tr><tr><td><div class="stacktrace">org.openqa.selenium.NoSuchElementException: no such element: Unable to locate element: {&quot;method&quot;:&quot;css selector&quot;,&quot;selector&quot;:&quot;[id = &apos;email&apos;]&quot;}
  (Session info: chrome=68.0.3440.106)
  (Driver info: chromedriver=2.35.528161 (5b82f2d2aae0ca24b877009200ced9065a772e73),platform=Windows NT 10.0.17134 x86_64) (WARNING: The server did not provide any stacktrace information)
Command duration or timeout: 0 milliseconds
For documentation on this error, please visit: http://seleniumhq.org/exceptions/no_such_element.html
Build info: version: &apos;3.11.0&apos;, revision: &apos;e59cfb3&apos;, time: &apos;2018-03-11T20:26:55.152Z&apos;
System info: host: &apos;DESKTOP-L4S2AS9&apos;, ip: &apos;192.168.0.114&apos;, os.name: &apos;Windows 10&apos;, os.arch: &apos;amd64&apos;, os.version: &apos;10.0&apos;, java.version: &apos;10.0.2&apos;
Driver info: org.openqa.selenium.chrome.ChromeDriver
Capabilities {acceptInsecureCerts: false, acceptSslCerts: false, applicationCacheEnabled: false, browserConnectionEnabled: false, browserName: chrome, chrome: {chromedriverVersion: 2.35.528161 (5b82f2d2aae0ca..., userDataDir: C:\Users\ABC\AppData\Local\...}, cssSelectorsEnabled: true, databaseEnabled: false, handlesAlerts: true, hasTouchScreen: false, javascriptEnabled: true, locationContextEnabled: true, mobileEmulationEnabled: false, nativeEvents: true, networkConnectionEnabled: false, pageLoadStrategy: normal, platform: XP, platformName: XP, rotatable: false, setWindowRect: true, takesHeapSnapshot: true, takesScreenshot: true, unexpectedAlertBehaviour: , unhandledPromptBehavior: , version: 68.0.3440.106, webStorageEnabled: true}
Session ID: 75cf5a26322e0dd1d061c10a39ff81bd
*** Element info: {Using=css selector, value=[id = &apos;email&apos;]}
	at org.openqa.selenium.remote.ErrorHandler.createThrowable(ErrorHandler.java:214)
	at org.openqa.selenium.remote.ErrorHandler.throwIfResponseFailed(ErrorHandler.java:166)
	at org.openqa.selenium.remote.http.JsonHttpResponseCodec.reconstructValue(JsonHttpResponseCodec.java:40)
	at org.openqa.selenium.remote.http.AbstractHttpResponseCodec.decode(AbstractHttpResponseCodec.java:80)
	at org.openqa.selenium.remote.http.AbstractHttpResponseCodec.decode(AbstractHttpResponseCodec.java:44)
	at org.openqa.selenium.remote.HttpCommandExecutor.execute(HttpCommandExecutor.java:158)
	at org.openqa.selenium.remote.service.DriverCommandExecutor.execute(DriverCommandExecutor.java:83)
	at org.openqa.selenium.remote.RemoteWebDriver.execute(RemoteWebDriver.java:545)
	at org.openqa.selenium.remote.RemoteWebDriver.findElement(RemoteWebDriver.java:319)
	at org.openqa.selenium.remote.RemoteWebDriver.findElementByCssSelector(RemoteWebDriver.java:413)
	at org.openqa.selenium.By$ByCssSelector.findElement(By.java:430)
	at org.openqa.selenium.remote.RemoteWebDriver.findElement(RemoteWebDriver.java:311)
	at org.openqa.selenium.support.pagefactory.DefaultElementLocator.findElement(DefaultElementLocator.java:69)
	at org.openqa.selenium.support.pagefactory.internal.LocatingElementHandler.invoke(LocatingElementHandler.java:38)
	at com.sun.proxy.$Proxy9.sendKeys(Unknown Source)
	at mikaels.clappy.ui.ClappyTestClass_UI.FillCreateClientForm(ClappyTestClass_UI.java:280)
	at mikaels.clappy.ClappyAdminTestClass.Test17_Fill_Create_Client_Form(ClappyAdminTestClass.java:119)
... Removed 33 stack frames</div></td></tr></table><p class="totop"><a href="#summary">back to summary</a></p>
<h3 id="m1">mikaels.clappy.ClappyAdminTestClass#Test19_Verify_Create_Client_Success_Message</h3><table class="result"><tr><th>Exception</th></tr><tr><td><div class="stacktrace">org.openqa.selenium.TimeoutException: Expected condition failed: waiting for visibility of Proxy element for: DefaultElementLocator &apos;By.cssSelector: [class = &apos;alert alert-success&apos;]&apos; (tried for 60 second(s) with 500 milliseconds interval)
	at org.openqa.selenium.support.ui.WebDriverWait.timeoutException(WebDriverWait.java:81)
	at org.openqa.selenium.support.ui.FluentWait.until(FluentWait.java:271)
	at mikaels.clappy.baseclass.BaseUi.waitForElementToVisible(BaseUi.java:429)
	at mikaels.clappy.baseclass.BaseUi.isElementDisplayed(BaseUi.java:168)
	at mikaels.clappy.ui.ClappyTestClass_UI.VerifyCreateClientSuccessMessage(ClappyTestClass_UI.java:291)
	at mikaels.clappy.ClappyAdminTestClass.Test19_Verify_Create_Client_Success_Message(ClappyAdminTestClass.java:129)
Caused by: org.openqa.selenium.NoSuchElementException: no such element: Unable to locate element: {&quot;method&quot;:&quot;css selector&quot;,&quot;selector&quot;:&quot;[class = &apos;alert alert-success&apos;]&quot;}
  (Session info: chrome=68.0.3440.106)
  (Driver info: chromedriver=2.35.528161 (5b82f2d2aae0ca24b877009200ced9065a772e73),platform=Windows NT 10.0.17134 x86_64) (WARNING: The server did not provide any stacktrace information)
Command duration or timeout: 0 milliseconds
For documentation on this error, please visit: http://seleniumhq.org/exceptions/no_such_element.html
Build info: version: &apos;3.11.0&apos;, revision: &apos;e59cfb3&apos;, time: &apos;2018-03-11T20:26:55.152Z&apos;
System info: host: &apos;DESKTOP-L4S2AS9&apos;, ip: &apos;192.168.0.114&apos;, os.name: &apos;Windows 10&apos;, os.arch: &apos;amd64&apos;, os.version: &apos;10.0&apos;, java.version: &apos;10.0.2&apos;
Driver info: org.openqa.selenium.chrome.ChromeDriver
Capabilities {acceptInsecureCerts: false, acceptSslCerts: false, applicationCacheEnabled: false, browserConnectionEnabled: false, browserName: chrome, chrome: {chromedriverVersion: 2.35.528161 (5b82f2d2aae0ca..., userDataDir: C:\Users\ABC\AppData\Local\...}, cssSelectorsEnabled: true, databaseEnabled: false, handlesAlerts: true, hasTouchScreen: false, javascriptEnabled: true, locationContextEnabled: true, mobileEmulationEnabled: false, nativeEvents: true, networkConnectionEnabled: false, pageLoadStrategy: normal, platform: XP, platformName: XP, rotatable: false, setWindowRect: true, takesHeapSnapshot: true, takesScreenshot: true, unexpectedAlertBehaviour: , unhandledPromptBehavior: , version: 68.0.3440.106, webStorageEnabled: true}
Session ID: 75cf5a26322e0dd1d061c10a39ff81bd
*** Element info: {Using=css selector, value=[class = &apos;alert alert-success&apos;]}
	at org.openqa.selenium.remote.ErrorHandler.createThrowable(ErrorHandler.java:214)
	at org.openqa.selenium.remote.ErrorHandler.throwIfResponseFailed(ErrorHandler.java:166)
	at org.openqa.selenium.remote.http.JsonHttpResponseCodec.reconstructValue(JsonHttpResponseCodec.java:40)
	at org.openqa.selenium.remote.http.AbstractHttpResponseCodec.decode(AbstractHttpResponseCodec.java:80)
	at org.openqa.selenium.remote.http.AbstractHttpResponseCodec.decode(AbstractHttpResponseCodec.java:44)
	at org.openqa.selenium.remote.HttpCommandExecutor.execute(HttpCommandExecutor.java:158)
	at org.openqa.selenium.remote.service.DriverCommandExecutor.execute(DriverCommandExecutor.java:83)
	at org.openqa.selenium.remote.RemoteWebDriver.execute(RemoteWebDriver.java:545)
	at org.openqa.selenium.remote.RemoteWebDriver.findElement(RemoteWebDriver.java:319)
	at org.openqa.selenium.remote.RemoteWebDriver.findElementByCssSelector(RemoteWebDriver.java:413)
	at org.openqa.selenium.By$ByCssSelector.findElement(By.java:430)
	at org.openqa.selenium.remote.RemoteWebDriver.findElement(RemoteWebDriver.java:311)
	at org.openqa.selenium.support.pagefactory.DefaultElementLocator.findElement(DefaultElementLocator.java:69)
	at org.openqa.selenium.support.pagefactory.internal.LocatingElementHandler.invoke(LocatingElementHandler.java:38)
	at com.sun.proxy.$Proxy9.isDisplayed(Unknown Source)
	at org.openqa.selenium.support.ui.ExpectedConditions.elementIfVisible(ExpectedConditions.java:315)
	at org.openqa.selenium.support.ui.ExpectedConditions.access$100(ExpectedConditions.java:44)
	at org.openqa.selenium.support.ui.ExpectedConditions$10.apply(ExpectedConditions.java:301)
	at org.openqa.selenium.support.ui.ExpectedConditions$10.apply(ExpectedConditions.java:298)
	at org.openqa.selenium.support.ui.FluentWait.until(FluentWait.java:248)
	... 33 more
... Removed 33 stack frames</div></td></tr></table><p class="totop"><a href="#summary">back to summary</a></p>
<h3 id="m2">mikaels.clappy.ClappyAdminTestClass#Test01_Fill_Login_Credentials</h3><table class="result"><tr><th class="invisible"/></tr></table><p class="totop"><a href="#summary">back to summary</a></p>
<h3 id="m3">mikaels.clappy.ClappyAdminTestClass#Test02_Click_Login_Button</h3><table class="result"><tr><th class="invisible"/></tr></table><p class="totop"><a href="#summary">back to summary</a></p>
<h3 id="m4">mikaels.clappy.ClappyAdminTestClass#Test03_Verify_Login</h3><table class="result"><tr><th class="invisible"/></tr></table><p class="totop"><a href="#summary">back to summary</a></p>
<h3 id="m5">mikaels.clappy.ClappyAdminTestClass#Test04_Redirect_To_Admin_Management</h3><table class="result"><tr><th class="invisible"/></tr></table><p class="totop"><a href="#summary">back to summary</a></p>
<h3 id="m6">mikaels.clappy.ClappyAdminTestClass#Test05_Verify_Redirection_To_Admin_Management</h3><table class="result"><tr><th class="invisible"/></tr></table><p class="totop"><a href="#summary">back to summary</a></p>
<h3 id="m7">mikaels.clappy.ClappyAdminTestClass#Test06_Verify_8_Admin_Management_Elements</h3><table class="result"><tr><th class="invisible"/></tr></table><p class="totop"><a href="#summary">back to summary</a></p>
<h3 id="m8">mikaels.clappy.ClappyAdminTestClass#Test07_Create_New_Admin</h3><table class="result"><tr><th class="invisible"/></tr></table><p class="totop"><a href="#summary">back to summary</a></p>
<h3 id="m9">mikaels.clappy.ClappyAdminTestClass#Test08_Verify_Redirection_To_Create_Admin_Form</h3><table class="result"><tr><th class="invisible"/></tr></table><p class="totop"><a href="#summary">back to summary</a></p>
<h3 id="m10">mikaels.clappy.ClappyAdminTestClass#Test09_Fill_Create_Admin_Form</h3><table class="result"><tr><th class="invisible"/></tr></table><p class="totop"><a href="#summary">back to summary</a></p>
<h3 id="m11">mikaels.clappy.ClappyAdminTestClass#Test10_Click_Create_Admin</h3><table class="result"><tr><th class="invisible"/></tr></table><p class="totop"><a href="#summary">back to summary</a></p>
<h3 id="m12">mikaels.clappy.ClappyAdminTestClass#Test11_Verify_Create_Admin_Success_Message</h3><table class="result"><tr><th class="invisible"/></tr></table><p class="totop"><a href="#summary">back to summary</a></p>
<h3 id="m13">mikaels.clappy.ClappyAdminTestClass#Test12_Redirect_To_Client_Management</h3><table class="result"><tr><th class="invisible"/></tr></table><p class="totop"><a href="#summary">back to summary</a></p>
<h3 id="m14">mikaels.clappy.ClappyAdminTestClass#Test13_Verify_Redirection_To_Client_Management</h3><table class="result"><tr><th class="invisible"/></tr></table><p class="totop"><a href="#summary">back to summary</a></p>
<h3 id="m15">mikaels.clappy.ClappyAdminTestClass#Test14_Verify_10_Client_Management_Elements</h3><table class="result"><tr><th class="invisible"/></tr></table><p class="totop"><a href="#summary">back to summary</a></p>
<h3 id="m16">mikaels.clappy.ClappyAdminTestClass#Test15_Create_New_Client</h3><table class="result"><tr><th class="invisible"/></tr></table><p class="totop"><a href="#summary">back to summary</a></p>
<h3 id="m17">mikaels.clappy.ClappyAdminTestClass#Test16_Verify_Redirection_To_Create_Client_Form</h3><table class="result"><tr><th class="invisible"/></tr></table><p class="totop"><a href="#summary">back to summary</a></p>
<h3 id="m18">mikaels.clappy.ClappyAdminTestClass#Test18_Click_Create_Client</h3><table class="result"><tr><th class="invisible"/></tr></table><p class="totop"><a href="#summary">back to summary</a></p>
<h3 id="m19">mikaels.clappy.ClappyAdminTestClass#Test20_Redirect_To_Client_Management</h3><table class="result"><tr><th class="invisible"/></tr></table><p class="totop"><a href="#summary">back to summary</a></p>
<h3 id="m20">mikaels.clappy.ClappyAdminTestClass#Test21_Verify_Redirection_To_Modules_Management</h3><table class="result"><tr><th class="invisible"/></tr></table><p class="totop"><a href="#summary">back to summary</a></p>
<h3 id="m21">mikaels.clappy.ClappyAdminTestClass#Test22_Verify_3_Modules_Management_Elements</h3><table class="result"><tr><th class="invisible"/></tr></table><p class="totop"><a href="#summary">back to summary</a></p>
<h3 id="m22">mikaels.clappy.ClappyAdminTestClass#Test23_Verify_6_Modules_Management_Modules</h3><table class="result"><tr><th class="invisible"/></tr></table><p class="totop"><a href="#summary">back to summary</a></p>
</body>
</html>
