<?xml version="1.0" encoding="UTF-8"?>
<testng-results ignored="0" total="11" passed="10" failed="1" skipped="0">
  <reporter-output>
    <line>
      <![CDATA[setting value isnull]]>
    </line>
    <line>
      <![CDATA[=================================================================]]>
    </line>
    <line>
      <![CDATA[=================================================================]]>
    </line>
    <line>
      <![CDATA[[INFO]: TEST BROWSER IS  CHROME]]>
    </line>
    <line>
      <![CDATA[=================================================================]]>
    </line>
    <line>
      <![CDATA[=================================================================]]>
    </line>
  </reporter-output>
  <suite started-at="2018-10-09T14:42:01Z" name="Default suite" finished-at="2018-10-09T14:44:53Z" duration-ms="172093">
    <groups>
    </groups>
    <test started-at="2018-10-09T14:42:01Z" name="Default test" finished-at="2018-10-09T14:44:53Z" duration-ms="172093">
      <class name="mikaels.clappy.CreateEpisode">
        <test-method is-config="true" signature="beforeClass()[pri:0, instance:mikaels.clappy.CreateEpisode@71c3b41]" started-at="2018-10-09T14:42:01Z" name="beforeClass" finished-at="2018-10-09T14:42:09Z" duration-ms="7924" status="PASS">
          <reporter-output>
            <line>
              <![CDATA[setting value isnull]]>
            </line>
            <line>
              <![CDATA[=================================================================]]>
            </line>
            <line>
              <![CDATA[=================================================================]]>
            </line>
            <line>
              <![CDATA[[INFO]: TEST BROWSER IS  CHROME]]>
            </line>
            <line>
              <![CDATA[=================================================================]]>
            </line>
            <line>
              <![CDATA[=================================================================]]>
            </line>
          </reporter-output>
        </test-method> <!-- beforeClass -->
        <test-method signature="Test01_Fill_Login_Credentials()[pri:0, instance:mikaels.clappy.CreateEpisode@71c3b41]" started-at="2018-10-09T14:42:09Z" name="Test01_Fill_Login_Credentials" finished-at="2018-10-09T14:42:16Z" duration-ms="7398" status="PASS">
          <reporter-output>
          </reporter-output>
        </test-method> <!-- Test01_Fill_Login_Credentials -->
        <test-method signature="Test02_Click_Login_Button()[pri:0, instance:mikaels.clappy.CreateEpisode@71c3b41]" started-at="2018-10-09T14:42:16Z" name="Test02_Click_Login_Button" finished-at="2018-10-09T14:42:24Z" duration-ms="7667" status="PASS">
          <reporter-output>
          </reporter-output>
        </test-method> <!-- Test02_Click_Login_Button -->
        <test-method signature="Test03_Verify_Login()[pri:0, instance:mikaels.clappy.CreateEpisode@71c3b41]" started-at="2018-10-09T14:42:24Z" name="Test03_Verify_Login" finished-at="2018-10-09T14:42:25Z" duration-ms="1022" status="PASS">
          <reporter-output>
          </reporter-output>
        </test-method> <!-- Test03_Verify_Login -->
        <test-method signature="Test04_Redirect_To_LiveAndUpcoming_Episodes()[pri:0, instance:mikaels.clappy.CreateEpisode@71c3b41]" started-at="2018-10-09T14:42:25Z" name="Test04_Redirect_To_LiveAndUpcoming_Episodes" finished-at="2018-10-09T14:42:28Z" duration-ms="3494" status="PASS">
          <reporter-output>
          </reporter-output>
        </test-method> <!-- Test04_Redirect_To_LiveAndUpcoming_Episodes -->
        <test-method signature="Test05_Verify_Redirection_To_Episodes_Listing()[pri:0, instance:mikaels.clappy.CreateEpisode@71c3b41]" started-at="2018-10-09T14:42:28Z" name="Test05_Verify_Redirection_To_Episodes_Listing" finished-at="2018-10-09T14:42:29Z" duration-ms="1025" status="PASS">
          <reporter-output>
          </reporter-output>
        </test-method> <!-- Test05_Verify_Redirection_To_Episodes_Listing -->
        <test-method signature="Test06_Verify_Episode_Listing_Elements()[pri:0, instance:mikaels.clappy.CreateEpisode@71c3b41]" started-at="2018-10-09T14:42:29Z" name="Test06_Verify_Episode_Listing_Elements" finished-at="2018-10-09T14:42:30Z" duration-ms="1016" status="PASS">
          <reporter-output>
          </reporter-output>
        </test-method> <!-- Test06_Verify_Episode_Listing_Elements -->
        <test-method signature="Test07_Create_New_Episode()[pri:0, instance:mikaels.clappy.CreateEpisode@71c3b41]" started-at="2018-10-09T14:42:30Z" name="Test07_Create_New_Episode" finished-at="2018-10-09T14:42:34Z" duration-ms="3805" status="PASS">
          <reporter-output>
          </reporter-output>
        </test-method> <!-- Test07_Create_New_Episode -->
        <test-method signature="Test08_Verify_Redirection_To_Create_New_Episode()[pri:0, instance:mikaels.clappy.CreateEpisode@71c3b41]" started-at="2018-10-09T14:42:34Z" name="Test08_Verify_Redirection_To_Create_New_Episode" finished-at="2018-10-09T14:42:35Z" duration-ms="1029" status="PASS">
          <reporter-output>
          </reporter-output>
        </test-method> <!-- Test08_Verify_Redirection_To_Create_New_Episode -->
        <test-method signature="Test09_Fill_Create_Episode_Form()[pri:0, instance:mikaels.clappy.CreateEpisode@71c3b41]" started-at="2018-10-09T14:42:35Z" name="Test09_Fill_Create_Episode_Form" finished-at="2018-10-09T14:42:48Z" duration-ms="13294" status="PASS">
          <reporter-output>
          </reporter-output>
        </test-method> <!-- Test09_Fill_Create_Episode_Form -->
        <test-method signature="Test10_Click_Create_Episode()[pri:0, instance:mikaels.clappy.CreateEpisode@71c3b41]" started-at="2018-10-09T14:42:48Z" name="Test10_Click_Create_Episode" finished-at="2018-10-09T14:42:52Z" duration-ms="3899" status="PASS">
          <reporter-output>
          </reporter-output>
        </test-method> <!-- Test10_Click_Create_Episode -->
        <test-method signature="Test11_Verify_Create_Show_Success_Message()[pri:0, instance:mikaels.clappy.CreateEpisode@71c3b41]" started-at="2018-10-09T14:42:52Z" name="Test11_Verify_Create_Show_Success_Message" finished-at="2018-10-09T14:44:52Z" duration-ms="120127" status="FAIL">
          <exception class="org.openqa.selenium.TimeoutException">
            <message>
              <![CDATA[Expected condition failed: waiting for visibility of Proxy element for: DefaultElementLocator 'By.cssSelector: [class = 'alert alert-success']' (tried for 60 second(s) with 500 milliseconds interval)]]>
            </message>
            <full-stacktrace>
              <![CDATA[org.openqa.selenium.TimeoutException: Expected condition failed: waiting for visibility of Proxy element for: DefaultElementLocator 'By.cssSelector: [class = 'alert alert-success']' (tried for 60 second(s) with 500 milliseconds interval)
at org.openqa.selenium.support.ui.WebDriverWait.timeoutException(WebDriverWait.java:81)
at org.openqa.selenium.support.ui.FluentWait.until(FluentWait.java:271)
at mikaels.clappy.baseclass.BaseUi.waitForElementToVisible(BaseUi.java:429)
at mikaels.clappy.baseclass.BaseUi.isElementDisplayed(BaseUi.java:168)
at mikaels.clappy.ui.CreateShow_UI.VerifyCreateShowSuccessMessage(CreateShow_UI.java:170)
at mikaels.clappy.CreateEpisode.Test11_Verify_Create_Show_Success_Message(CreateEpisode.java:84)
at java.base/jdk.internal.reflect.NativeMethodAccessorImpl.invoke0(Native Method)
at java.base/jdk.internal.reflect.NativeMethodAccessorImpl.invoke(Unknown Source)
at java.base/jdk.internal.reflect.DelegatingMethodAccessorImpl.invoke(Unknown Source)
at java.base/java.lang.reflect.Method.invoke(Unknown Source)
at org.testng.internal.MethodInvocationHelper.invokeMethod(MethodInvocationHelper.java:124)
at org.testng.internal.Invoker.invokeMethod(Invoker.java:583)
at org.testng.internal.Invoker.invokeTestMethod(Invoker.java:719)
at org.testng.internal.Invoker.invokeTestMethods(Invoker.java:989)
at org.testng.internal.TestMethodWorker.invokeTestMethods(TestMethodWorker.java:125)
at org.testng.internal.TestMethodWorker.run(TestMethodWorker.java:109)
at org.testng.TestRunner.privateRun(TestRunner.java:648)
at org.testng.TestRunner.run(TestRunner.java:505)
at org.testng.SuiteRunner.runTest(SuiteRunner.java:455)
at org.testng.SuiteRunner.runSequentially(SuiteRunner.java:450)
at org.testng.SuiteRunner.privateRun(SuiteRunner.java:415)
at org.testng.SuiteRunner.run(SuiteRunner.java:364)
at org.testng.SuiteRunnerWorker.runSuite(SuiteRunnerWorker.java:52)
at org.testng.SuiteRunnerWorker.run(SuiteRunnerWorker.java:84)
at org.testng.TestNG.runSuitesSequentially(TestNG.java:1208)
at org.testng.TestNG.runSuitesLocally(TestNG.java:1137)
at org.testng.TestNG.runSuites(TestNG.java:1049)
at org.testng.TestNG.run(TestNG.java:1017)
at org.testng.remote.AbstractRemoteTestNG.run(AbstractRemoteTestNG.java:114)
at org.testng.remote.RemoteTestNG.initAndRun(RemoteTestNG.java:251)
at org.testng.remote.RemoteTestNG.main(RemoteTestNG.java:77)
Caused by: org.openqa.selenium.NoSuchElementException: no such element: Unable to locate element: {"method":"css selector","selector":"[class = 'alert alert-success']"}
  (Session info: chrome=69.0.3497.100)
  (Driver info: chromedriver=2.35.528161 (5b82f2d2aae0ca24b877009200ced9065a772e73),platform=Windows NT 10.0.17134 x86_64) (WARNING: The server did not provide any stacktrace information)
Command duration or timeout: 0 milliseconds
For documentation on this error, please visit: http://seleniumhq.org/exceptions/no_such_element.html
Build info: version: '3.11.0', revision: 'e59cfb3', time: '2018-03-11T20:26:55.152Z'
System info: host: 'DESKTOP-L4S2AS9', ip: '192.168.0.116', os.name: 'Windows 10', os.arch: 'amd64', os.version: '10.0', java.version: '10.0.2'
Driver info: org.openqa.selenium.chrome.ChromeDriver
Capabilities {acceptInsecureCerts: false, acceptSslCerts: false, applicationCacheEnabled: false, browserConnectionEnabled: false, browserName: chrome, chrome: {chromedriverVersion: 2.35.528161 (5b82f2d2aae0ca..., userDataDir: C:\Users\ABC\AppData\Local\...}, cssSelectorsEnabled: true, databaseEnabled: false, handlesAlerts: true, hasTouchScreen: false, javascriptEnabled: true, locationContextEnabled: true, mobileEmulationEnabled: false, nativeEvents: true, networkConnectionEnabled: false, pageLoadStrategy: normal, platform: XP, platformName: XP, rotatable: false, setWindowRect: true, takesHeapSnapshot: true, takesScreenshot: true, unexpectedAlertBehaviour: , unhandledPromptBehavior: , version: 69.0.3497.100, webStorageEnabled: true}
Session ID: 490f6c3200391190b234784df4d2513b
*** Element info: {Using=css selector, value=[class = 'alert alert-success']}
at java.base/jdk.internal.reflect.NativeConstructorAccessorImpl.newInstance0(Native Method)
at java.base/jdk.internal.reflect.NativeConstructorAccessorImpl.newInstance(Unknown Source)
at java.base/jdk.internal.reflect.DelegatingConstructorAccessorImpl.newInstance(Unknown Source)
at java.base/java.lang.reflect.Constructor.newInstance(Unknown Source)
at org.openqa.selenium.remote.ErrorHandler.createThrowable(ErrorHandler.java:214)
at org.openqa.selenium.remote.ErrorHandler.throwIfResponseFailed(ErrorHandler.java:166)
at org.openqa.selenium.remote.http.JsonHttpResponseCodec.reconstructValue(JsonHttpResponseCodec.java:40)
at org.openqa.selenium.remote.http.AbstractHttpResponseCodec.decode(AbstractHttpResponseCodec.java:80)
at org.openqa.selenium.remote.http.AbstractHttpResponseCodec.decode(AbstractHttpResponseCodec.java:44)
at org.openqa.selenium.remote.HttpCommandExecutor.execute(HttpCommandExecutor.java:158)
at org.openqa.selenium.remote.service.DriverCommandExecutor.execute(DriverCommandExecutor.java:83)
at org.openqa.selenium.remote.RemoteWebDriver.execute(RemoteWebDriver.java:545)
at org.openqa.selenium.remote.RemoteWebDriver.findElement(RemoteWebDriver.java:319)
at org.openqa.selenium.remote.RemoteWebDriver.findElementByCssSelector(RemoteWebDriver.java:413)
at org.openqa.selenium.By$ByCssSelector.findElement(By.java:430)
at org.openqa.selenium.remote.RemoteWebDriver.findElement(RemoteWebDriver.java:311)
at org.openqa.selenium.support.pagefactory.DefaultElementLocator.findElement(DefaultElementLocator.java:69)
at org.openqa.selenium.support.pagefactory.internal.LocatingElementHandler.invoke(LocatingElementHandler.java:38)
at com.sun.proxy.$Proxy12.isDisplayed(Unknown Source)
at org.openqa.selenium.support.ui.ExpectedConditions.elementIfVisible(ExpectedConditions.java:315)
at org.openqa.selenium.support.ui.ExpectedConditions.access$100(ExpectedConditions.java:44)
at org.openqa.selenium.support.ui.ExpectedConditions$10.apply(ExpectedConditions.java:301)
at org.openqa.selenium.support.ui.ExpectedConditions$10.apply(ExpectedConditions.java:298)
at org.openqa.selenium.support.ui.FluentWait.until(FluentWait.java:248)
... 29 more
]]>
            </full-stacktrace>
          </exception> <!-- org.openqa.selenium.TimeoutException -->
          <reporter-output>
          </reporter-output>
        </test-method> <!-- Test11_Verify_Create_Show_Success_Message -->
        <test-method is-config="true" signature="afterClass()[pri:0, instance:mikaels.clappy.CreateEpisode@71c3b41]" started-at="2018-10-09T14:44:52Z" name="afterClass" finished-at="2018-10-09T14:44:53Z" duration-ms="284" status="PASS">
          <reporter-output>
          </reporter-output>
        </test-method> <!-- afterClass -->
      </class> <!-- mikaels.clappy.CreateEpisode -->
    </test> <!-- Default test -->
  </suite> <!-- Default suite -->
</testng-results>
